{"name": "Validating the search feature", "status": "broken", "statusDetails": {"message": "selenium.common.exceptions.ElementClickInterceptedException: Message: element click intercepted: Element <input class=\"gNO89b\" value=\"Pesquisa Google\" aria-label=\"Pesquisa Google\" name=\"btnK\" role=\"button\" tabindex=\"0\" type=\"submit\" data-ved=\"0ahUKEwjx9efZ7Mv7AhV9r5UCHVHIDmkQ4dUDCA0\"> is not clickable at point (444, 271). Other element would receive the click: <span>...</span>\n  (Session info: chrome=107.0.5304.108)\nStacktrace:\nBacktrace:\n\tOrdinal0 [0x0080ACD3+2075859]\n\tOrdinal0 [0x0079EE61+1633889]\n\tOrdinal0 [0x0069B7BD+571325]\n\tOrdinal0 [0x006D1499+791705]\n\tOrdinal0 [0x006CF4AC+783532]\n\tOrdinal0 [0x006CD0AB+774315]\n\tOrdinal0 [0x006CBD37+769335]\n\tOrdinal0 [0x006C1C76+728182]\n\tOrdinal0 [0x006E731C+881436]\n\tOrdinal0 [0x006C15BF+726463]\n\tOrdinal0 [0x006E7534+881972]\n\tOrdinal0 [0x006FB56A+963946]\n\tOrdinal0 [0x006E7136+880950]\n\tOrdinal0 [0x006BFEFD+720637]\n\tOrdinal0 [0x006C0F3F+724799]\n\tGetHandleVerifier [0x00ABEED2+2769538]\n\tGetHandleVerifier [0x00AB0D95+2711877]\n\tGetHandleVerifier [0x0089A03A+521194]\n\tGetHandleVerifier [0x00898DA0+516432]\n\tOrdinal0 [0x007A682C+1665068]\n\tOrdinal0 [0x007AB128+1683752]\n\tOrdinal0 [0x007AB215+1683989]\n\tOrdinal0 [0x007B6484+1729668]\n\tBaseThreadInitThunk [0x7721FEF9+25]\n\tRtlGetAppContainerNamedObjectPath [0x77D87BBE+286]\n\tRtlGetAppContainerNamedObjectPath [0x77D87B8E+238]\n\n", "trace": "  File \"C:\\Users\\anne.zimmermann\\BehaveBDDBasics\\venv\\Lib\\site-packages\\behave\\model.py\", line 1329, in run\n    match.run(runner.context)\n  File \"C:\\Users\\anne.zimmermann\\BehaveBDDBasics\\venv\\Lib\\site-packages\\behave\\matchers.py\", line 98, in run\n    self.func(context, *args, **kwargs)\n  File \"features\\steps\\search_steps.py\", line 57, in step_impl\n    context.driver.find_element(By.XPATH,\"//div[@class='FPdoLc lJ9FBc']//input[@name='btnK']\").click()\n  File \"C:\\Users\\anne.zimmermann\\BehaveBDDBasics\\venv\\Lib\\site-packages\\selenium\\webdriver\\remote\\webelement.py\", line 93, in click\n    self._execute(Command.CLICK_ELEMENT)\n  File \"C:\\Users\\anne.zimmermann\\BehaveBDDBasics\\venv\\Lib\\site-packages\\selenium\\webdriver\\remote\\webelement.py\", line 410, in _execute\n    return self._parent.execute(command, params)\n           ^^^^^^^^^^^^^^^^^^^^^^^^^^^^^^^^^^^^^\n  File \"C:\\Users\\anne.zimmermann\\BehaveBDDBasics\\venv\\Lib\\site-packages\\selenium\\webdriver\\remote\\webdriver.py\", line 444, in execute\n    self.error_handler.check_response(response)\n  File \"C:\\Users\\anne.zimmermann\\BehaveBDDBasics\\venv\\Lib\\site-packages\\selenium\\webdriver\\remote\\errorhandler.py\", line 249, in check_response\n    raise exception_class(message, screen, stacktrace)\n"}, "steps": [{"name": "Given I navigate to google.com", "status": "passed", "attachments": [{"name": "screenshot", "source": "2bd2e354-fb97-48d7-8677-2f6860330e08-attachment.png", "type": "image/png"}], "start": 1669465786844, "stop": 1669465788418}, {"name": "When I validate the page title", "status": "passed", "attachments": [{"name": "screenshot", "source": "f276e70e-c289-48d1-8c7e-fba54b0bfd7e-attachment.png", "type": "image/png"}], "start": 1669465788418, "stop": 1669465788542}, {"name": "Then I enter the text as \"Hello Selenium\"", "status": "passed", "attachments": [{"name": "screenshot", "source": "3918cd0c-cb41-45b7-a846-793086dbf0ef-attachment.png", "type": "image/png"}], "start": 1669465788542, "stop": 1669465788769}, {"name": "And click the search button", "status": "broken", "statusDetails": {"message": "selenium.common.exceptions.ElementClickInterceptedException: Message: element click intercepted: Element <input class=\"gNO89b\" value=\"Pesquisa Google\" aria-label=\"Pesquisa Google\" name=\"btnK\" role=\"button\" tabindex=\"0\" type=\"submit\" data-ved=\"0ahUKEwjx9efZ7Mv7AhV9r5UCHVHIDmkQ4dUDCA0\"> is not clickable at point (444, 271). Other element would receive the click: <span>...</span>\n  (Session info: chrome=107.0.5304.108)\nStacktrace:\nBacktrace:\n\tOrdinal0 [0x0080ACD3+2075859]\n\tOrdinal0 [0x0079EE61+1633889]\n\tOrdinal0 [0x0069B7BD+571325]\n\tOrdinal0 [0x006D1499+791705]\n\tOrdinal0 [0x006CF4AC+783532]\n\tOrdinal0 [0x006CD0AB+774315]\n\tOrdinal0 [0x006CBD37+769335]\n\tOrdinal0 [0x006C1C76+728182]\n\tOrdinal0 [0x006E731C+881436]\n\tOrdinal0 [0x006C15BF+726463]\n\tOrdinal0 [0x006E7534+881972]\n\tOrdinal0 [0x006FB56A+963946]\n\tOrdinal0 [0x006E7136+880950]\n\tOrdinal0 [0x006BFEFD+720637]\n\tOrdinal0 [0x006C0F3F+724799]\n\tGetHandleVerifier [0x00ABEED2+2769538]\n\tGetHandleVerifier [0x00AB0D95+2711877]\n\tGetHandleVerifier [0x0089A03A+521194]\n\tGetHandleVerifier [0x00898DA0+516432]\n\tOrdinal0 [0x007A682C+1665068]\n\tOrdinal0 [0x007AB128+1683752]\n\tOrdinal0 [0x007AB215+1683989]\n\tOrdinal0 [0x007B6484+1729668]\n\tBaseThreadInitThunk [0x7721FEF9+25]\n\tRtlGetAppContainerNamedObjectPath [0x77D87BBE+286]\n\tRtlGetAppContainerNamedObjectPath [0x77D87B8E+238]\n\n", "trace": "  File \"C:\\Users\\anne.zimmermann\\BehaveBDDBasics\\venv\\Lib\\site-packages\\behave\\model.py\", line 1329, in run\n    match.run(runner.context)\n  File \"C:\\Users\\anne.zimmermann\\BehaveBDDBasics\\venv\\Lib\\site-packages\\behave\\matchers.py\", line 98, in run\n    self.func(context, *args, **kwargs)\n  File \"features\\steps\\search_steps.py\", line 57, in step_impl\n    context.driver.find_element(By.XPATH,\"//div[@class='FPdoLc lJ9FBc']//input[@name='btnK']\").click()\n  File \"C:\\Users\\anne.zimmermann\\BehaveBDDBasics\\venv\\Lib\\site-packages\\selenium\\webdriver\\remote\\webelement.py\", line 93, in click\n    self._execute(Command.CLICK_ELEMENT)\n  File \"C:\\Users\\anne.zimmermann\\BehaveBDDBasics\\venv\\Lib\\site-packages\\selenium\\webdriver\\remote\\webelement.py\", line 410, in _execute\n    return self._parent.execute(command, params)\n           ^^^^^^^^^^^^^^^^^^^^^^^^^^^^^^^^^^^^^\n  File \"C:\\Users\\anne.zimmermann\\BehaveBDDBasics\\venv\\Lib\\site-packages\\selenium\\webdriver\\remote\\webdriver.py\", line 444, in execute\n    self.error_handler.check_response(response)\n  File \"C:\\Users\\anne.zimmermann\\BehaveBDDBasics\\venv\\Lib\\site-packages\\selenium\\webdriver\\remote\\errorhandler.py\", line 249, in check_response\n    raise exception_class(message, screen, stacktrace)\n"}, "attachments": [{"name": "screenshot", "source": "7d3cc58c-fee5-4eda-9c22-485634a4898f-attachment.png", "type": "image/png"}], "start": 1669465788769, "stop": 1669465790017}], "start": 1669465784111, "stop": 1669465792198, "uuid": "34287a26-19a3-4c5e-bd5c-3276a4ab9404", "historyId": "4d6369b7bb91fdbd95789422fe9ae6e6", "fullName": "Search feature: Validating the search feature", "labels": [{"name": "severity", "value": "normal"}, {"name": "tag", "value": "smoke"}, {"name": "feature", "value": "Search feature"}, {"name": "framework", "value": "behave"}, {"name": "language", "value": "cpython3"}]}